🚀 Starting Graddie Web Server...
20:07:30,594 |-INFO in ch.qos.logback.classic.LoggerContext[default] - This is logback-classic version 1.4.11
20:07:30,595 |-INFO in ch.qos.logback.classic.util.ContextInitializer@6aa28589 - No custom configurators were discovered as a service.
20:07:30,595 |-INFO in ch.qos.logback.classic.util.ContextInitializer@6aa28589 - Trying to configure with ch.qos.logback.classic.joran.SerializedModelConfigurator
20:07:30,595 |-INFO in ch.qos.logback.classic.util.ContextInitializer@6aa28589 - Constructed configurator of type class ch.qos.logback.classic.joran.SerializedModelConfigurator
20:07:30,612 |-INFO in ch.qos.logback.classic.LoggerContext[default] - Could NOT find resource [logback-test.scmo]
20:07:30,612 |-INFO in ch.qos.logback.classic.LoggerContext[default] - Could NOT find resource [logback.scmo]
20:07:30,616 |-INFO in ch.qos.logback.classic.util.ContextInitializer@6aa28589 - ch.qos.logback.classic.joran.SerializedModelConfigurator.configure() call lasted 17 milliseconds. ExecutionStatus=INVOKE_NEXT_IF_ANY
20:07:30,616 |-INFO in ch.qos.logback.classic.util.ContextInitializer@6aa28589 - Trying to configure with ch.qos.logback.classic.util.DefaultJoranConfigurator
20:07:30,616 |-INFO in ch.qos.logback.classic.util.ContextInitializer@6aa28589 - Constructed configurator of type class ch.qos.logback.classic.util.DefaultJoranConfigurator
20:07:30,616 |-INFO in ch.qos.logback.classic.LoggerContext[default] - Could NOT find resource [logback-test.xml]
20:07:30,617 |-INFO in ch.qos.logback.classic.LoggerContext[default] - Found resource [logback.xml] at [file:/Users/nishitamatlani/Documents/GitHub/Graddie_project/target/classes/logback.xml]
20:07:30,668 |-WARN in ch.qos.logback.core.model.processor.AppenderModelHandler - Appender named [STDOUT] not referenced. Skipping further processing.
20:07:30,668 |-INFO in ch.qos.logback.core.model.processor.AppenderModelHandler - Processing appender named [FILE]
20:07:30,668 |-INFO in ch.qos.logback.core.model.processor.AppenderModelHandler - About to instantiate appender of type [ch.qos.logback.core.rolling.RollingFileAppender]
20:07:30,681 |-INFO in c.q.l.core.rolling.TimeBasedRollingPolicy@1019139330 - No compression will be used
20:07:30,682 |-INFO in c.q.l.core.rolling.TimeBasedRollingPolicy@1019139330 - Will use the pattern logs/agentic-grader.%d{yyyy-MM-dd}.log for the active file
20:07:30,683 |-INFO in c.q.l.core.rolling.DefaultTimeBasedFileNamingAndTriggeringPolicy - The date pattern is 'yyyy-MM-dd' from file name pattern 'logs/agentic-grader.%d{yyyy-MM-dd}.log'.
20:07:30,683 |-INFO in c.q.l.core.rolling.DefaultTimeBasedFileNamingAndTriggeringPolicy - Roll-over at midnight.
20:07:30,683 |-INFO in c.q.l.core.rolling.DefaultTimeBasedFileNamingAndTriggeringPolicy - Setting initial period to 2025-08-08T00:46:44.088Z
20:07:30,684 |-INFO in ch.qos.logback.core.model.processor.ImplicitModelHandler - Assuming default type [ch.qos.logback.classic.encoder.PatternLayoutEncoder] for [encoder] property
20:07:30,694 |-INFO in ch.qos.logback.core.rolling.RollingFileAppender[FILE] - Active log file name: logs/agentic-grader.log
20:07:30,694 |-INFO in ch.qos.logback.core.rolling.RollingFileAppender[FILE] - File property is set to [logs/agentic-grader.log]
20:07:30,694 |-INFO in ch.qos.logback.classic.model.processor.LoggerModelHandler - Setting level of logger [com.agentic] to OFF
20:07:30,694 |-INFO in ch.qos.logback.classic.model.processor.LoggerModelHandler - Setting level of logger [akka] to OFF
20:07:30,694 |-INFO in ch.qos.logback.classic.model.processor.LoggerModelHandler - Setting level of logger [akka.cluster] to OFF
20:07:30,694 |-INFO in ch.qos.logback.classic.model.processor.LoggerModelHandler - Setting level of logger [akka.remote] to OFF
20:07:30,695 |-INFO in ch.qos.logback.classic.model.processor.RootLoggerModelHandler - Setting level of ROOT logger to OFF
20:07:30,695 |-INFO in ch.qos.logback.core.model.processor.AppenderRefModelHandler - Attaching appender named [FILE] to Logger[ROOT]
20:07:30,695 |-INFO in ch.qos.logback.core.model.processor.DefaultProcessor@1e528f59 - End of configuration.
20:07:30,695 |-INFO in ch.qos.logback.classic.joran.JoranConfigurator@3dc4983a - Registering current configuration as safe fallback point
20:07:30,696 |-INFO in ch.qos.logback.classic.util.ContextInitializer@6aa28589 - ch.qos.logback.classic.util.DefaultJoranConfigurator.configure() call lasted 79 milliseconds. ExecutionStatus=DO_NOT_INVOKE_NEXT_IF_ANY

✅ Graddie Web Server started successfully!
🌐 Open your browser and go to: http://localhost:8080
⏹️  Press Ctrl+C to stop the server...
🌐 Server online at http://localhost:8080/
📝 Received grading request for student: 1101
✅ Grading completed for student: 1101 with score: 83/100
✅ Grading completed for 1101
📝 Received grading request for student: 108
✅ Grading completed for student: 108 with score: 83/100
✅ Grading completed for 108
📝 Received grading request for student: 108
✅ Grading completed for student: 108 with score: 83/100
✅ Grading completed for 108
📝 Received grading request for student: 108
✅ Grading completed for student: 108 with score: 83/100
✅ Grading completed for 108
📝 Received grading request for student: 108
✅ Grading completed for student: 108 with score: 83/100
✅ Grading completed for 108
📝 Received grading request for student: 108
✅ Grading completed for student: 108 with score: 48/100
✅ Grading completed for 108
📝 Received grading request for student: 108
✅ Grading completed for student: 108 with score: 48/100
✅ Grading completed for 108
📝 Received grading request for student: 108
✅ Grading completed for student: 108 with score: 20/100
✅ Grading completed for 108
📝 Received grading request for student: 1010
✅ Grading completed for student: 1010 with score: 51/100
✅ Grading completed for 1010
