[INFO] Scanning for projects...
[INFO] 
[INFO] ------------------< com.agentic:agentic-grader-akka >-------------------
[INFO] Building AgenticGraderAkka 1.0.0
[INFO]   from pom.xml
[INFO] --------------------------------[ jar ]---------------------------------
[INFO] 
[INFO] --- exec:3.1.0:java (cluster-worker) @ agentic-grader-akka ---
🚀 Starting Graddie Cluster Worker...
15:39:16,477 |-INFO in ch.qos.logback.classic.LoggerContext[default] - This is logback-classic version 1.4.11
15:39:16,478 |-INFO in ch.qos.logback.classic.util.ContextInitializer@3627341c - No custom configurators were discovered as a service.
15:39:16,478 |-INFO in ch.qos.logback.classic.util.ContextInitializer@3627341c - Trying to configure with ch.qos.logback.classic.joran.SerializedModelConfigurator
15:39:16,478 |-INFO in ch.qos.logback.classic.util.ContextInitializer@3627341c - Constructed configurator of type class ch.qos.logback.classic.joran.SerializedModelConfigurator
15:39:16,484 |-INFO in ch.qos.logback.classic.LoggerContext[default] - Could NOT find resource [logback-test.scmo]
15:39:16,484 |-INFO in ch.qos.logback.classic.LoggerContext[default] - Could NOT find resource [logback.scmo]
15:39:16,487 |-INFO in ch.qos.logback.classic.util.ContextInitializer@3627341c - ch.qos.logback.classic.joran.SerializedModelConfigurator.configure() call lasted 6 milliseconds. ExecutionStatus=INVOKE_NEXT_IF_ANY
15:39:16,487 |-INFO in ch.qos.logback.classic.util.ContextInitializer@3627341c - Trying to configure with ch.qos.logback.classic.util.DefaultJoranConfigurator
15:39:16,487 |-INFO in ch.qos.logback.classic.util.ContextInitializer@3627341c - Constructed configurator of type class ch.qos.logback.classic.util.DefaultJoranConfigurator
15:39:16,487 |-INFO in ch.qos.logback.classic.LoggerContext[default] - Could NOT find resource [logback-test.xml]
15:39:16,488 |-INFO in ch.qos.logback.classic.LoggerContext[default] - Found resource [logback.xml] at [file:/Users/nishitamatlani/Documents/GitHub/Graddie_project/target/classes/logback.xml]
15:39:16,524 |-WARN in ch.qos.logback.core.model.processor.AppenderModelHandler - Appender named [STDOUT] not referenced. Skipping further processing.
15:39:16,524 |-INFO in ch.qos.logback.core.model.processor.AppenderModelHandler - Processing appender named [FILE]
15:39:16,524 |-INFO in ch.qos.logback.core.model.processor.AppenderModelHandler - About to instantiate appender of type [ch.qos.logback.core.rolling.RollingFileAppender]
15:39:16,530 |-INFO in c.q.l.core.rolling.TimeBasedRollingPolicy@1698719334 - No compression will be used
15:39:16,530 |-INFO in c.q.l.core.rolling.TimeBasedRollingPolicy@1698719334 - Will use the pattern logs/agentic-grader.%d{yyyy-MM-dd}.log for the active file
15:39:16,532 |-INFO in c.q.l.core.rolling.DefaultTimeBasedFileNamingAndTriggeringPolicy - The date pattern is 'yyyy-MM-dd' from file name pattern 'logs/agentic-grader.%d{yyyy-MM-dd}.log'.
15:39:16,532 |-INFO in c.q.l.core.rolling.DefaultTimeBasedFileNamingAndTriggeringPolicy - Roll-over at midnight.
15:39:16,532 |-INFO in c.q.l.core.rolling.DefaultTimeBasedFileNamingAndTriggeringPolicy - Setting initial period to 2025-08-08T00:46:44.088Z
15:39:16,532 |-INFO in ch.qos.logback.core.model.processor.ImplicitModelHandler - Assuming default type [ch.qos.logback.classic.encoder.PatternLayoutEncoder] for [encoder] property
15:39:16,538 |-INFO in ch.qos.logback.core.rolling.RollingFileAppender[FILE] - Active log file name: logs/agentic-grader.log
15:39:16,538 |-INFO in ch.qos.logback.core.rolling.RollingFileAppender[FILE] - File property is set to [logs/agentic-grader.log]
15:39:16,538 |-INFO in ch.qos.logback.classic.model.processor.LoggerModelHandler - Setting level of logger [com.agentic] to OFF
15:39:16,538 |-INFO in ch.qos.logback.classic.model.processor.LoggerModelHandler - Setting level of logger [akka] to OFF
15:39:16,538 |-INFO in ch.qos.logback.classic.model.processor.LoggerModelHandler - Setting level of logger [akka.cluster] to OFF
15:39:16,538 |-INFO in ch.qos.logback.classic.model.processor.LoggerModelHandler - Setting level of logger [akka.remote] to OFF
15:39:16,539 |-INFO in ch.qos.logback.classic.model.processor.RootLoggerModelHandler - Setting level of ROOT logger to OFF
15:39:16,539 |-INFO in ch.qos.logback.core.model.processor.AppenderRefModelHandler - Attaching appender named [FILE] to Logger[ROOT]
15:39:16,539 |-INFO in ch.qos.logback.core.model.processor.DefaultProcessor@33e97975 - End of configuration.
15:39:16,539 |-INFO in ch.qos.logback.classic.joran.JoranConfigurator@24cfd1f4 - Registering current configuration as safe fallback point
15:39:16,539 |-INFO in ch.qos.logback.classic.util.ContextInitializer@3627341c - ch.qos.logback.classic.util.DefaultJoranConfigurator.configure() call lasted 52 milliseconds. ExecutionStatus=DO_NOT_INVOKE_NEXT_IF_ANY

🔄 Worker node is running and waiting for grading tasks...
⏹️  Press Ctrl+C to stop the worker...
📍 Cluster Worker starting on: akka://GraddieCluster@127.0.0.1:2552
🎯 Role: [dc-default]
✅ Worker node ready to process grading tasks
