18:52:09,264 |-INFO in ch.qos.logback.classic.LoggerContext[default] - This is logback-classic version 1.4.11
18:52:09,265 |-INFO in ch.qos.logback.classic.util.ContextInitializer@4c6e276e - No custom configurators were discovered as a service.
18:52:09,265 |-INFO in ch.qos.logback.classic.util.ContextInitializer@4c6e276e - Trying to configure with ch.qos.logback.classic.joran.SerializedModelConfigurator
18:52:09,265 |-INFO in ch.qos.logback.classic.util.ContextInitializer@4c6e276e - Constructed configurator of type class ch.qos.logback.classic.joran.SerializedModelConfigurator
18:52:09,281 |-INFO in ch.qos.logback.classic.LoggerContext[default] - Could NOT find resource [logback-test.scmo]
18:52:09,281 |-INFO in ch.qos.logback.classic.LoggerContext[default] - Could NOT find resource [logback.scmo]
18:52:09,287 |-INFO in ch.qos.logback.classic.util.ContextInitializer@4c6e276e - ch.qos.logback.classic.joran.SerializedModelConfigurator.configure() call lasted 16 milliseconds. ExecutionStatus=INVOKE_NEXT_IF_ANY
18:52:09,287 |-INFO in ch.qos.logback.classic.util.ContextInitializer@4c6e276e - Trying to configure with ch.qos.logback.classic.util.DefaultJoranConfigurator
18:52:09,287 |-INFO in ch.qos.logback.classic.util.ContextInitializer@4c6e276e - Constructed configurator of type class ch.qos.logback.classic.util.DefaultJoranConfigurator
18:52:09,287 |-INFO in ch.qos.logback.classic.LoggerContext[default] - Could NOT find resource [logback-test.xml]
18:52:09,289 |-INFO in ch.qos.logback.classic.LoggerContext[default] - Found resource [logback.xml] at [file:/Users/nishitamatlani/Documents/GitHub/Graddie_project/target/classes/logback.xml]
18:52:09,345 |-WARN in ch.qos.logback.core.model.processor.AppenderModelHandler - Appender named [STDOUT] not referenced. Skipping further processing.
18:52:09,345 |-INFO in ch.qos.logback.core.model.processor.AppenderModelHandler - Processing appender named [FILE]
18:52:09,345 |-INFO in ch.qos.logback.core.model.processor.AppenderModelHandler - About to instantiate appender of type [ch.qos.logback.core.rolling.RollingFileAppender]
18:52:09,363 |-INFO in c.q.l.core.rolling.TimeBasedRollingPolicy@1397616978 - No compression will be used
18:52:09,364 |-INFO in c.q.l.core.rolling.TimeBasedRollingPolicy@1397616978 - Will use the pattern logs/agentic-grader.%d{yyyy-MM-dd}.log for the active file
18:52:09,376 |-INFO in c.q.l.core.rolling.DefaultTimeBasedFileNamingAndTriggeringPolicy - The date pattern is 'yyyy-MM-dd' from file name pattern 'logs/agentic-grader.%d{yyyy-MM-dd}.log'.
18:52:09,376 |-INFO in c.q.l.core.rolling.DefaultTimeBasedFileNamingAndTriggeringPolicy - Roll-over at midnight.
18:52:09,379 |-INFO in c.q.l.core.rolling.DefaultTimeBasedFileNamingAndTriggeringPolicy - Setting initial period to 2025-08-08T00:46:44.088Z
18:52:09,380 |-INFO in ch.qos.logback.core.model.processor.ImplicitModelHandler - Assuming default type [ch.qos.logback.classic.encoder.PatternLayoutEncoder] for [encoder] property
18:52:09,387 |-INFO in ch.qos.logback.core.rolling.RollingFileAppender[FILE] - Active log file name: logs/agentic-grader.log
18:52:09,387 |-INFO in ch.qos.logback.core.rolling.RollingFileAppender[FILE] - File property is set to [logs/agentic-grader.log]
18:52:09,387 |-INFO in ch.qos.logback.classic.model.processor.LoggerModelHandler - Setting level of logger [com.agentic] to OFF
18:52:09,387 |-INFO in ch.qos.logback.classic.model.processor.LoggerModelHandler - Setting level of logger [akka] to OFF
18:52:09,387 |-INFO in ch.qos.logback.classic.model.processor.LoggerModelHandler - Setting level of logger [akka.cluster] to OFF
18:52:09,387 |-INFO in ch.qos.logback.classic.model.processor.LoggerModelHandler - Setting level of logger [akka.remote] to OFF
18:52:09,387 |-INFO in ch.qos.logback.classic.model.processor.RootLoggerModelHandler - Setting level of ROOT logger to OFF
18:52:09,387 |-INFO in ch.qos.logback.core.model.processor.AppenderRefModelHandler - Attaching appender named [FILE] to Logger[ROOT]
18:52:09,388 |-INFO in ch.qos.logback.core.model.processor.DefaultProcessor@52e677af - End of configuration.
18:52:09,388 |-INFO in ch.qos.logback.classic.joran.JoranConfigurator@35083305 - Registering current configuration as safe fallback point
18:52:09,388 |-INFO in ch.qos.logback.classic.util.ContextInitializer@4c6e276e - ch.qos.logback.classic.util.DefaultJoranConfigurator.configure() call lasted 101 milliseconds. ExecutionStatus=DO_NOT_INVOKE_NEXT_IF_ANY

╔══════════════════════════════════════════════════════════════╗
║                    GRADDIE SYSTEM                          ║
║                Distributed Grading System                  ║
║                    Version 2.0.0                           ║
╚══════════════════════════════════════════════════════════════╝

🚀 Starting Graddie node:
📍 Port: 2552
🏷️  Type: worker

Exception in thread "main" akka.remote.RemoteTransportException: Failed to bind TCP to [127.0.0.1:2552] due to: Bind failed because of java.net.BindException: [/127.0.0.1:2552] Address already in use
	at akka.remote.artery.tcp.ArteryTcpTransport$$anonfun$4.applyOrElse(ArteryTcpTransport.scala:273)
	at akka.remote.artery.tcp.ArteryTcpTransport$$anonfun$4.applyOrElse(ArteryTcpTransport.scala:267)
	at scala.concurrent.impl.Promise$Transformation.run(Promise.scala:490)
	at scala.concurrent.ExecutionContext$parasitic$.execute(ExecutionContext.scala:222)
	at scala.concurrent.impl.Promise$Transformation.submitWithValue(Promise.scala:429)
	at scala.concurrent.impl.Promise$DefaultPromise.submitWithValue(Promise.scala:338)
	at scala.concurrent.impl.Promise$DefaultPromise.tryComplete0(Promise.scala:285)
	at scala.concurrent.impl.Promise$DefaultPromise.tryComplete(Promise.scala:278)
	at scala.concurrent.Promise.complete(Promise.scala:57)
	at scala.concurrent.Promise.complete$(Promise.scala:56)
	at scala.concurrent.impl.Promise$DefaultPromise.complete(Promise.scala:104)
	at scala.concurrent.Promise.failure(Promise.scala:109)
	at scala.concurrent.Promise.failure$(Promise.scala:109)
	at scala.concurrent.impl.Promise$DefaultPromise.failure(Promise.scala:104)
	at akka.stream.impl.io.ConnectionSourceStage$$anon$1.receive(TcpStages.scala:96)
	at akka.stream.impl.io.ConnectionSourceStage$$anon$1.$anonfun$preStart$1(TcpStages.scala:67)
	at akka.stream.impl.io.ConnectionSourceStage$$anon$1.$anonfun$preStart$1$adapted(TcpStages.scala:67)
	at akka.stream.stage.GraphStageLogic$StageActor.internalReceive(GraphStage.scala:243)
	at akka.stream.stage.GraphStageLogic$StageActor.$anonfun$callback$1(GraphStage.scala:204)
	at akka.stream.stage.GraphStageLogic$StageActor.$anonfun$callback$1$adapted(GraphStage.scala:204)
	at akka.stream.impl.fusing.GraphInterpreter.runAsyncInput(GraphInterpreter.scala:481)
	at akka.stream.impl.fusing.GraphInterpreterShell$AsyncInput.execute(ActorGraphInterpreter.scala:517)
	at akka.stream.impl.fusing.GraphInterpreterShell.processEvent(ActorGraphInterpreter.scala:625)
	at akka.stream.impl.fusing.ActorGraphInterpreter.akka$stream$impl$fusing$ActorGraphInterpreter$$processEvent(ActorGraphInterpreter.scala:800)
	at akka.stream.impl.fusing.ActorGraphInterpreter$$anonfun$receive$1.applyOrElse(ActorGraphInterpreter.scala:818)
	at akka.actor.Actor.aroundReceive(Actor.scala:537)
	at akka.actor.Actor.aroundReceive$(Actor.scala:535)
	at akka.stream.impl.fusing.ActorGraphInterpreter.aroundReceive(ActorGraphInterpreter.scala:716)
	at akka.actor.ActorCell.receiveMessage(ActorCell.scala:579)
	at akka.actor.ActorCell.invoke(ActorCell.scala:547)
	at akka.dispatch.Mailbox.processMailbox(Mailbox.scala:270)
	at akka.dispatch.Mailbox.run(Mailbox.scala:231)
	at akka.dispatch.Mailbox.exec(Mailbox.scala:243)
	at java.base/java.util.concurrent.ForkJoinTask.doExec(ForkJoinTask.java:507)
	at java.base/java.util.concurrent.ForkJoinPool$WorkQueue.topLevelExec(ForkJoinPool.java:1491)
	at java.base/java.util.concurrent.ForkJoinPool.scan(ForkJoinPool.java:2073)
	at java.base/java.util.concurrent.ForkJoinPool.runWorker(ForkJoinPool.java:2035)
	at java.base/java.util.concurrent.ForkJoinWorkerThread.run(ForkJoinWorkerThread.java:187)
Caused by: akka.stream.impl.io.ConnectionSourceStage$$anon$1$$anon$2: Bind failed because of java.net.BindException: [/127.0.0.1:2552] Address already in use
Caused by: java.net.BindException: [/127.0.0.1:2552] Address already in use
	at java.base/sun.nio.ch.Net.bind0(Native Method)
	at java.base/sun.nio.ch.Net.bind(Net.java:565)
	at java.base/sun.nio.ch.ServerSocketChannelImpl.netBind(ServerSocketChannelImpl.java:344)
	at java.base/sun.nio.ch.ServerSocketChannelImpl.bind(ServerSocketChannelImpl.java:301)
	at java.base/sun.nio.ch.ServerSocketAdaptor.bind(ServerSocketAdaptor.java:89)
	at akka.io.TcpListener.liftedTree1$1(TcpListener.scala:60)
	at akka.io.TcpListener.<init>(TcpListener.scala:57)
	at java.base/jdk.internal.reflect.DirectConstructorHandleAccessor.newInstance(DirectConstructorHandleAccessor.java:62)
	at java.base/java.lang.reflect.Constructor.newInstanceWithCaller(Constructor.java:502)
	at java.base/java.lang.reflect.Constructor.newInstance(Constructor.java:486)
	at akka.util.Reflect$.instantiate(Reflect.scala:73)
	at akka.actor.ArgsReflectConstructor.produce(IndirectActorProducer.scala:100)
	at akka.actor.Props.newActor(Props.scala:226)
	at akka.actor.ActorCell.newActor(ActorCell.scala:615)
	at akka.actor.ActorCell.create(ActorCell.scala:642)
	at akka.actor.ActorCell.invokeAll$1(ActorCell.scala:513)
	at akka.actor.ActorCell.systemInvoke(ActorCell.scala:535)
	at akka.dispatch.Mailbox.processAllSystemMessages(Mailbox.scala:295)
	at akka.dispatch.Mailbox.run(Mailbox.scala:230)
	at akka.dispatch.Mailbox.exec(Mailbox.scala:243)
	at java.base/java.util.concurrent.ForkJoinTask.doExec(ForkJoinTask.java:507)
	at java.base/java.util.concurrent.ForkJoinPool$WorkQueue.topLevelExec(ForkJoinPool.java:1491)
	at java.base/java.util.concurrent.ForkJoinPool.scan(ForkJoinPool.java:2073)
	at java.base/java.util.concurrent.ForkJoinPool.runWorker(ForkJoinPool.java:2035)
	at java.base/java.util.concurrent.ForkJoinWorkerThread.run(ForkJoinWorkerThread.java:187)
